<?xml version="1.0" encoding="UTF-8"?>
<!-- Generated by org.testng.reporters.JUnitReportReporter -->
<testsuite skipped="0" hostname="EFCYIT-WS176" name="eModal_Login.Login_eModal.Verify_PregateMoves_Current_and_future_Date_is_appearing" tests="1" failures="0" timestamp="11 Dec 2018 11:55:03 GMT" time="264.603" errors="0">
  <testcase name="validateDate" time="264.603" classname="eModal_Login.Login_eModal.Verify_PregateMoves_Current_and_future_Date_is_appearing"/>
</testsuite> <!-- eModal_Login.Login_eModal.Verify_PregateMoves_Current_and_future_Date_is_appearing -->
