<?xml version="1.0" encoding="UTF-8"?>
<!-- Generated by org.testng.reporters.JUnitReportReporter -->
<testsuite skipped="0" hostname="EFCYIT-WS176" name="eModal_Login.Login_eModal.Navigating_PregateMovesPage_Test" tests="3" failures="0" timestamp="11 Dec 2018 10:13:56 GMT" time="238.401" errors="0">
  <testcase name="validatePgTitle" time="75.317" classname="eModal_Login.Login_eModal.Navigating_PregateMovesPage_Test"/>
  <testcase name="validateimage" time="63.179" classname="eModal_Login.Login_eModal.Navigating_PregateMovesPage_Test"/>
  <testcase name="navigateToPortal" time="99.905" classname="eModal_Login.Login_eModal.Navigating_PregateMovesPage_Test"/>
</testsuite> <!-- eModal_Login.Login_eModal.Navigating_PregateMovesPage_Test -->
