<?xml version="1.0" encoding="UTF-8"?>
<!-- Generated by org.testng.reporters.JUnitReportReporter -->
<testsuite skipped="0" hostname="EFCYIT-WS176" name="eModal_Login.Login_eModal.Login_PageTest" tests="3" failures="0" timestamp="10 Dec 2018 05:53:18 GMT" time="154.135" errors="0">
  <testcase name="validatePgTitle" time="24.032" classname="eModal_Login.Login_eModal.Login_PageTest"/>
  <testcase name="validateimage" time="19.131" classname="eModal_Login.Login_eModal.Login_PageTest"/>
  <testcase name="LoginTest" time="110.972" classname="eModal_Login.Login_eModal.Login_PageTest"/>
</testsuite> <!-- eModal_Login.Login_eModal.Login_PageTest -->
